<?xml version="1.0" encoding="UTF-8"?>
<!-- Generated by org.testng.reporters.JUnitReportReporter -->
<testsuite skipped="0" hostname="LAPTOP-V4FQNDK5" name="SignInTest" tests="1" failures="0" timestamp="19 Jun 2019 08:26:08 GMT" time="4.057" errors="0">
  <testcase name="shouldThrowAnErrorIfSignInDetailsAreMissing" time="4.057" classname="SignInTest"/>
</testsuite> <!-- SignInTest -->
