<?xml version="1.0" encoding="UTF-8"?>
<!-- Generated by org.testng.reporters.JUnitReportReporter -->
<testsuite skipped="0" hostname="LAPTOP-V4FQNDK5" name="HotelBookingTest" tests="1" failures="0" timestamp="19 Jun 2019 08:24:37 GMT" time="8.079" errors="0">
  <testcase name="shouldBeAbleToSearchForHotels" time="8.079" classname="HotelBookingTest"/>
</testsuite> <!-- HotelBookingTest -->
